<?xml version="1.0" encoding="UTF-8"?>
<testsuite xmlns:xsi="http://www.w3.org/2001/XMLSchema-instance" xsi:noNamespaceSchemaLocation="https://maven.apache.org/surefire/maven-surefire-plugin/xsd/surefire-test-report.xsd" name="com.july.company.MarkDownTest" time="3.75" tests="2" errors="0" skipped="0" failures="0">
  <properties>
    <property name="sun.desktop" value="windows"/>
    <property name="awt.toolkit" value="sun.awt.windows.WToolkit"/>
    <property name="file.encoding.pkg" value="sun.io"/>
    <property name="java.specification.version" value="1.8"/>
    <property name="sun.cpu.isalist" value="amd64"/>
    <property name="sun.jnu.encoding" value="GBK"/>
    <property name="java.class.path" value="D:\workJava\finance\target\test-classes;D:\workJava\finance\target\classes;D:\repository1\financial\org\springframework\boot\spring-boot-starter-undertow\2.1.9.RELEASE\spring-boot-starter-undertow-2.1.9.RELEASE.jar;D:\repository1\financial\io\undertow\undertow-core\2.0.26.Final\undertow-core-2.0.26.Final.jar;D:\repository1\financial\org\jboss\logging\jboss-logging\3.3.3.Final\jboss-logging-3.3.3.Final.jar;D:\repository1\financial\org\jboss\xnio\xnio-api\3.3.8.Final\xnio-api-3.3.8.Final.jar;D:\repository1\financial\org\jboss\xnio\xnio-nio\3.3.8.Final\xnio-nio-3.3.8.Final.jar;D:\repository1\financial\io\undertow\undertow-servlet\2.0.26.Final\undertow-servlet-2.0.26.Final.jar;D:\repository1\financial\org\jboss\spec\javax\annotation\jboss-annotations-api_1.2_spec\1.0.2.Final\jboss-annotations-api_1.2_spec-1.0.2.Final.jar;D:\repository1\financial\io\undertow\undertow-websockets-jsr\2.0.26.Final\undertow-websockets-jsr-2.0.26.Final.jar;D:\repository1\financial\org\jboss\spec\javax\websocket\jboss-websocket-api_1.1_spec\1.1.4.Final\jboss-websocket-api_1.1_spec-1.1.4.Final.jar;D:\repository1\financial\javax\servlet\javax.servlet-api\4.0.1\javax.servlet-api-4.0.1.jar;D:\repository1\financial\org\glassfish\javax.el\3.0.0\javax.el-3.0.0.jar;D:\repository1\financial\org\springframework\boot\spring-boot-starter-web\2.1.9.RELEASE\spring-boot-starter-web-2.1.9.RELEASE.jar;D:\repository1\financial\org\springframework\boot\spring-boot-starter\2.1.9.RELEASE\spring-boot-starter-2.1.9.RELEASE.jar;D:\repository1\financial\org\springframework\boot\spring-boot\2.1.9.RELEASE\spring-boot-2.1.9.RELEASE.jar;D:\repository1\financial\javax\annotation\javax.annotation-api\1.3.2\javax.annotation-api-1.3.2.jar;D:\repository1\financial\org\yaml\snakeyaml\1.23\snakeyaml-1.23.jar;D:\repository1\financial\org\springframework\boot\spring-boot-starter-json\2.1.9.RELEASE\spring-boot-starter-json-2.1.9.RELEASE.jar;D:\repository1\financial\com\fasterxml\jackson\datatype\jackson-datatype-jdk8\2.9.9\jackson-datatype-jdk8-2.9.9.jar;D:\repository1\financial\com\fasterxml\jackson\datatype\jackson-datatype-jsr310\2.9.9\jackson-datatype-jsr310-2.9.9.jar;D:\repository1\financial\com\fasterxml\jackson\module\jackson-module-parameter-names\2.9.9\jackson-module-parameter-names-2.9.9.jar;D:\repository1\financial\org\hibernate\validator\hibernate-validator\6.0.17.Final\hibernate-validator-6.0.17.Final.jar;D:\repository1\financial\javax\validation\validation-api\2.0.1.Final\validation-api-2.0.1.Final.jar;D:\repository1\financial\com\fasterxml\classmate\1.4.0\classmate-1.4.0.jar;D:\repository1\financial\org\springframework\spring-web\5.1.10.RELEASE\spring-web-5.1.10.RELEASE.jar;D:\repository1\financial\org\springframework\spring-beans\5.1.10.RELEASE\spring-beans-5.1.10.RELEASE.jar;D:\repository1\financial\org\springframework\spring-webmvc\5.1.10.RELEASE\spring-webmvc-5.1.10.RELEASE.jar;D:\repository1\financial\org\springframework\spring-context\5.1.10.RELEASE\spring-context-5.1.10.RELEASE.jar;D:\repository1\financial\org\springframework\spring-expression\5.1.10.RELEASE\spring-expression-5.1.10.RELEASE.jar;D:\repository1\financial\org\springframework\boot\spring-boot-starter-logging\2.1.9.RELEASE\spring-boot-starter-logging-2.1.9.RELEASE.jar;D:\repository1\financial\ch\qos\logback\logback-classic\1.2.3\logback-classic-1.2.3.jar;D:\repository1\financial\ch\qos\logback\logback-core\1.2.3\logback-core-1.2.3.jar;D:\repository1\financial\org\apache\logging\log4j\log4j-to-slf4j\2.11.2\log4j-to-slf4j-2.11.2.jar;D:\repository1\financial\org\apache\logging\log4j\log4j-api\2.11.2\log4j-api-2.11.2.jar;D:\repository1\financial\org\slf4j\jul-to-slf4j\1.7.28\jul-to-slf4j-1.7.28.jar;D:\repository1\financial\org\springframework\boot\spring-boot-starter-aop\2.1.9.RELEASE\spring-boot-starter-aop-2.1.9.RELEASE.jar;D:\repository1\financial\org\springframework\spring-aop\5.1.10.RELEASE\spring-aop-5.1.10.RELEASE.jar;D:\repository1\financial\org\aspectj\aspectjweaver\1.9.4\aspectjweaver-1.9.4.jar;D:\repository1\financial\org\springframework\boot\spring-boot-starter-mail\2.1.9.RELEASE\spring-boot-starter-mail-2.1.9.RELEASE.jar;D:\repository1\financial\org\springframework\spring-context-support\5.1.10.RELEASE\spring-context-support-5.1.10.RELEASE.jar;D:\repository1\financial\com\sun\mail\javax.mail\1.6.2\javax.mail-1.6.2.jar;D:\repository1\financial\javax\activation\activation\1.1\activation-1.1.jar;D:\repository1\financial\org\springframework\boot\spring-boot-configuration-processor\2.1.9.RELEASE\spring-boot-configuration-processor-2.1.9.RELEASE.jar;D:\repository1\financial\com\alibaba\cloud\spring-cloud-starter-alibaba-nacos-discovery\2.1.0.RELEASE\spring-cloud-starter-alibaba-nacos-discovery-2.1.0.RELEASE.jar;D:\repository1\financial\com\alibaba\cloud\spring-cloud-alibaba-nacos-discovery\2.1.0.RELEASE\spring-cloud-alibaba-nacos-discovery-2.1.0.RELEASE.jar;D:\repository1\financial\com\alibaba\nacos\nacos-client\1.1.1\nacos-client-1.1.1.jar;D:\repository1\financial\com\alibaba\nacos\nacos-common\1.1.1\nacos-common-1.1.1.jar;D:\repository1\financial\commons-io\commons-io\2.2\commons-io-2.2.jar;D:\repository1\financial\com\alibaba\nacos\nacos-api\1.1.1\nacos-api-1.1.1.jar;D:\repository1\financial\com\google\guava\guava\19.0\guava-19.0.jar;D:\repository1\financial\io\prometheus\simpleclient\0.5.0\simpleclient-0.5.0.jar;D:\repository1\financial\org\springframework\cloud\spring-cloud-commons\2.1.3.RELEASE\spring-cloud-commons-2.1.3.RELEASE.jar;D:\repository1\financial\org\springframework\security\spring-security-crypto\5.1.6.RELEASE\spring-security-crypto-5.1.6.RELEASE.jar;D:\repository1\financial\org\springframework\cloud\spring-cloud-context\2.1.3.RELEASE\spring-cloud-context-2.1.3.RELEASE.jar;D:\repository1\financial\org\springframework\cloud\spring-cloud-starter-netflix-ribbon\2.1.3.RELEASE\spring-cloud-starter-netflix-ribbon-2.1.3.RELEASE.jar;D:\repository1\financial\org\springframework\cloud\spring-cloud-starter\2.1.3.RELEASE\spring-cloud-starter-2.1.3.RELEASE.jar;D:\repository1\financial\org\springframework\security\spring-security-rsa\1.0.7.RELEASE\spring-security-rsa-1.0.7.RELEASE.jar;D:\repository1\financial\org\bouncycastle\bcpkix-jdk15on\1.60\bcpkix-jdk15on-1.60.jar;D:\repository1\financial\org\bouncycastle\bcprov-jdk15on\1.60\bcprov-jdk15on-1.60.jar;D:\repository1\financial\org\springframework\cloud\spring-cloud-netflix-ribbon\2.1.3.RELEASE\spring-cloud-netflix-ribbon-2.1.3.RELEASE.jar;D:\repository1\financial\org\springframework\cloud\spring-cloud-netflix-archaius\2.1.3.RELEASE\spring-cloud-netflix-archaius-2.1.3.RELEASE.jar;D:\repository1\financial\org\springframework\cloud\spring-cloud-starter-netflix-archaius\2.1.3.RELEASE\spring-cloud-starter-netflix-archaius-2.1.3.RELEASE.jar;D:\repository1\financial\com\netflix\archaius\archaius-core\0.7.6\archaius-core-0.7.6.jar;D:\repository1\financial\com\google\code\findbugs\jsr305\3.0.1\jsr305-3.0.1.jar;D:\repository1\financial\commons-configuration\commons-configuration\1.8\commons-configuration-1.8.jar;D:\repository1\financial\com\netflix\ribbon\ribbon\2.3.0\ribbon-2.3.0.jar;D:\repository1\financial\com\netflix\ribbon\ribbon-transport\2.3.0\ribbon-transport-2.3.0.jar;D:\repository1\financial\io\reactivex\rxnetty-contexts\0.4.9\rxnetty-contexts-0.4.9.jar;D:\repository1\financial\io\reactivex\rxnetty-servo\0.4.9\rxnetty-servo-0.4.9.jar;D:\repository1\financial\com\netflix\hystrix\hystrix-core\1.5.18\hystrix-core-1.5.18.jar;D:\repository1\financial\org\hdrhistogram\HdrHistogram\2.1.9\HdrHistogram-2.1.9.jar;D:\repository1\financial\javax\inject\javax.inject\1\javax.inject-1.jar;D:\repository1\financial\io\reactivex\rxnetty\0.4.9\rxnetty-0.4.9.jar;D:\repository1\financial\com\netflix\ribbon\ribbon-core\2.3.0\ribbon-core-2.3.0.jar;D:\repository1\financial\commons-lang\commons-lang\2.6\commons-lang-2.6.jar;D:\repository1\financial\com\netflix\ribbon\ribbon-httpclient\2.3.0\ribbon-httpclient-2.3.0.jar;D:\repository1\financial\commons-collections\commons-collections\3.2.2\commons-collections-3.2.2.jar;D:\repository1\financial\com\sun\jersey\jersey-client\1.19.1\jersey-client-1.19.1.jar;D:\repository1\financial\com\sun\jersey\jersey-core\1.19.1\jersey-core-1.19.1.jar;D:\repository1\financial\javax\ws\rs\jsr311-api\1.1.1\jsr311-api-1.1.1.jar;D:\repository1\financial\com\sun\jersey\contribs\jersey-apache-client4\1.19.1\jersey-apache-client4-1.19.1.jar;D:\repository1\financial\com\netflix\servo\servo-core\0.12.21\servo-core-0.12.21.jar;D:\repository1\financial\com\netflix\netflix-commons\netflix-commons-util\0.3.0\netflix-commons-util-0.3.0.jar;D:\repository1\financial\com\netflix\ribbon\ribbon-loadbalancer\2.3.0\ribbon-loadbalancer-2.3.0.jar;D:\repository1\financial\com\netflix\netflix-commons\netflix-statistics\0.1.1\netflix-statistics-0.1.1.jar;D:\repository1\financial\io\reactivex\rxjava\1.3.8\rxjava-1.3.8.jar;D:\repository1\financial\com\alibaba\cloud\spring-cloud-starter-alibaba-nacos-config\2.1.0.RELEASE\spring-cloud-starter-alibaba-nacos-config-2.1.0.RELEASE.jar;D:\repository1\financial\com\alibaba\cloud\spring-cloud-alibaba-nacos-config\2.1.0.RELEASE\spring-cloud-alibaba-nacos-config-2.1.0.RELEASE.jar;D:\repository1\financial\org\springframework\boot\spring-boot-starter-data-redis\2.1.9.RELEASE\spring-boot-starter-data-redis-2.1.9.RELEASE.jar;D:\repository1\financial\org\springframework\data\spring-data-redis\2.1.11.RELEASE\spring-data-redis-2.1.11.RELEASE.jar;D:\repository1\financial\org\springframework\data\spring-data-keyvalue\2.1.11.RELEASE\spring-data-keyvalue-2.1.11.RELEASE.jar;D:\repository1\financial\org\springframework\data\spring-data-commons\2.1.11.RELEASE\spring-data-commons-2.1.11.RELEASE.jar;D:\repository1\financial\org\springframework\spring-tx\5.1.10.RELEASE\spring-tx-5.1.10.RELEASE.jar;D:\repository1\financial\org\springframework\spring-oxm\5.1.10.RELEASE\spring-oxm-5.1.10.RELEASE.jar;D:\repository1\financial\io\lettuce\lettuce-core\5.1.8.RELEASE\lettuce-core-5.1.8.RELEASE.jar;D:\repository1\financial\io\netty\netty-common\4.1.39.Final\netty-common-4.1.39.Final.jar;D:\repository1\financial\io\netty\netty-handler\4.1.39.Final\netty-handler-4.1.39.Final.jar;D:\repository1\financial\io\netty\netty-buffer\4.1.39.Final\netty-buffer-4.1.39.Final.jar;D:\repository1\financial\io\netty\netty-codec\4.1.39.Final\netty-codec-4.1.39.Final.jar;D:\repository1\financial\io\netty\netty-transport\4.1.39.Final\netty-transport-4.1.39.Final.jar;D:\repository1\financial\io\netty\netty-resolver\4.1.39.Final\netty-resolver-4.1.39.Final.jar;D:\repository1\financial\io\projectreactor\reactor-core\3.2.12.RELEASE\reactor-core-3.2.12.RELEASE.jar;D:\repository1\financial\org\reactivestreams\reactive-streams\1.0.3\reactive-streams-1.0.3.jar;D:\repository1\financial\io\jsonwebtoken\jjwt\0.6.0\jjwt-0.6.0.jar;D:\repository1\financial\com\fasterxml\jackson\core\jackson-databind\2.9.9.3\jackson-databind-2.9.9.3.jar;D:\repository1\financial\com\fasterxml\jackson\core\jackson-annotations\2.9.0\jackson-annotations-2.9.0.jar;D:\repository1\financial\com\fasterxml\jackson\core\jackson-core\2.9.9\jackson-core-2.9.9.jar;D:\repository1\financial\cn\hutool\hutool-crypto\5.0.0\hutool-crypto-5.0.0.jar;D:\repository1\financial\cn\hutool\hutool-core\5.0.0\hutool-core-5.0.0.jar;D:\repository1\financial\org\springframework\boot\spring-boot-starter-test\2.1.9.RELEASE\spring-boot-starter-test-2.1.9.RELEASE.jar;D:\repository1\financial\org\springframework\boot\spring-boot-test\2.1.9.RELEASE\spring-boot-test-2.1.9.RELEASE.jar;D:\repository1\financial\org\springframework\boot\spring-boot-test-autoconfigure\2.1.9.RELEASE\spring-boot-test-autoconfigure-2.1.9.RELEASE.jar;D:\repository1\financial\com\jayway\jsonpath\json-path\2.4.0\json-path-2.4.0.jar;D:\repository1\financial\net\minidev\json-smart\2.3\json-smart-2.3.jar;D:\repository1\financial\net\minidev\accessors-smart\1.2\accessors-smart-1.2.jar;D:\repository1\financial\junit\junit\4.12\junit-4.12.jar;D:\repository1\financial\org\assertj\assertj-core\3.11.1\assertj-core-3.11.1.jar;D:\repository1\financial\org\mockito\mockito-core\2.23.4\mockito-core-2.23.4.jar;D:\repository1\financial\net\bytebuddy\byte-buddy\1.9.16\byte-buddy-1.9.16.jar;D:\repository1\financial\net\bytebuddy\byte-buddy-agent\1.9.16\byte-buddy-agent-1.9.16.jar;D:\repository1\financial\org\objenesis\objenesis\2.6\objenesis-2.6.jar;D:\repository1\financial\org\hamcrest\hamcrest-core\1.3\hamcrest-core-1.3.jar;D:\repository1\financial\org\hamcrest\hamcrest-library\1.3\hamcrest-library-1.3.jar;D:\repository1\financial\org\skyscreamer\jsonassert\1.5.0\jsonassert-1.5.0.jar;D:\repository1\financial\com\vaadin\external\google\android-json\0.0.20131108.vaadin1\android-json-0.0.20131108.vaadin1.jar;D:\repository1\financial\org\springframework\spring-core\5.1.10.RELEASE\spring-core-5.1.10.RELEASE.jar;D:\repository1\financial\org\springframework\spring-jcl\5.1.10.RELEASE\spring-jcl-5.1.10.RELEASE.jar;D:\repository1\financial\org\springframework\spring-test\5.1.10.RELEASE\spring-test-5.1.10.RELEASE.jar;D:\repository1\financial\org\xmlunit\xmlunit-core\2.6.3\xmlunit-core-2.6.3.jar;D:\repository1\financial\org\projectlombok\lombok\1.18.10\lombok-1.18.10.jar;D:\repository1\financial\com\alibaba\druid-spring-boot-starter\1.1.21\druid-spring-boot-starter-1.1.21.jar;D:\repository1\financial\com\alibaba\druid\1.1.21\druid-1.1.21.jar;D:\repository1\financial\org\slf4j\slf4j-api\1.7.28\slf4j-api-1.7.28.jar;D:\repository1\financial\org\springframework\boot\spring-boot-autoconfigure\2.1.9.RELEASE\spring-boot-autoconfigure-2.1.9.RELEASE.jar;D:\repository1\financial\com\baomidou\mybatis-plus-boot-starter\3.2.0\mybatis-plus-boot-starter-3.2.0.jar;D:\repository1\financial\com\baomidou\mybatis-plus\3.2.0\mybatis-plus-3.2.0.jar;D:\repository1\financial\org\springframework\boot\spring-boot-starter-jdbc\2.1.9.RELEASE\spring-boot-starter-jdbc-2.1.9.RELEASE.jar;D:\repository1\financial\com\zaxxer\HikariCP\3.2.0\HikariCP-3.2.0.jar;D:\repository1\financial\org\springframework\spring-jdbc\5.1.10.RELEASE\spring-jdbc-5.1.10.RELEASE.jar;D:\repository1\financial\com\baomidou\mybatis-plus-generator\3.2.0\mybatis-plus-generator-3.2.0.jar;D:\repository1\financial\com\baomidou\mybatis-plus-extension\3.2.0\mybatis-plus-extension-3.2.0.jar;D:\repository1\financial\com\baomidou\mybatis-plus-core\3.2.0\mybatis-plus-core-3.2.0.jar;D:\repository1\financial\com\baomidou\mybatis-plus-annotation\3.2.0\mybatis-plus-annotation-3.2.0.jar;D:\repository1\financial\com\github\jsqlparser\jsqlparser\2.1\jsqlparser-2.1.jar;D:\repository1\financial\org\mybatis\mybatis\3.5.2\mybatis-3.5.2.jar;D:\repository1\financial\org\mybatis\mybatis-spring\2.0.2\mybatis-spring-2.0.2.jar;D:\repository1\financial\mysql\mysql-connector-java\8.0.19\mysql-connector-java-8.0.19.jar;D:\repository1\financial\org\springframework\boot\spring-boot-starter-validation\2.1.9.RELEASE\spring-boot-starter-validation-2.1.9.RELEASE.jar;D:\repository1\financial\org\apache\tomcat\embed\tomcat-embed-el\9.0.26\tomcat-embed-el-9.0.26.jar;D:\repository1\financial\cn\hutool\hutool-all\5.0.6\hutool-all-5.0.6.jar;D:\repository1\financial\com\ibeetl\beetl\3.0.15.RELEASE\beetl-3.0.15.RELEASE.jar;D:\repository1\financial\org\antlr\antlr4-runtime\4.7.2\antlr4-runtime-4.7.2.jar;D:\repository1\financial\org\ow2\asm\asm\5.2\asm-5.2.jar;D:\repository1\financial\org\ow2\asm\asm-commons\5.2\asm-commons-5.2.jar;D:\repository1\financial\org\ow2\asm\asm-tree\5.2\asm-tree-5.2.jar;D:\repository1\financial\com\alibaba\fastjson\1.2.60\fastjson-1.2.60.jar;D:\repository1\financial\com\aliyun\aliyun-java-sdk-core\4.5.0\aliyun-java-sdk-core-4.5.0.jar;D:\repository1\financial\com\google\code\gson\gson\2.8.5\gson-2.8.5.jar;D:\repository1\financial\org\apache\httpcomponents\httpclient\4.5.10\httpclient-4.5.10.jar;D:\repository1\financial\commons-codec\commons-codec\1.11\commons-codec-1.11.jar;D:\repository1\financial\org\apache\httpcomponents\httpcore\4.4.12\httpcore-4.4.12.jar;D:\repository1\financial\commons-logging\commons-logging\1.2\commons-logging-1.2.jar;D:\repository1\financial\javax\xml\bind\jaxb-api\2.3.1\jaxb-api-2.3.1.jar;D:\repository1\financial\javax\activation\javax.activation-api\1.2.0\javax.activation-api-1.2.0.jar;D:\repository1\financial\org\jacoco\org.jacoco.agent\0.8.5\org.jacoco.agent-0.8.5-runtime.jar;D:\repository1\financial\org\ini4j\ini4j\0.5.4\ini4j-0.5.4.jar;D:\repository1\financial\io\opentracing\opentracing-api\0.33.0\opentracing-api-0.33.0.jar;D:\repository1\financial\io\opentracing\opentracing-util\0.33.0\opentracing-util-0.33.0.jar;D:\repository1\financial\io\opentracing\opentracing-noop\0.33.0\opentracing-noop-0.33.0.jar;D:\repository1\financial\cn\snowheart\spring-boot-dingtalk-robot-starter\1.0.2.RELEASE\spring-boot-dingtalk-robot-starter-1.0.2.RELEASE.jar;D:\repository1\financial\com\github\zengxueqi-yu\july-doc\1.1.1-RELEASE\july-doc-1.1.1-RELEASE.jar;D:\repository1\financial\com\thoughtworks\qdox\qdox\2.0.0\qdox-2.0.0.jar;D:\repository1\financial\com\github\javafaker\javafaker\1.0.1\javafaker-1.0.1.jar;D:\repository1\financial\org\apache\commons\commons-lang3\3.8.1\commons-lang3-3.8.1.jar;D:\repository1\financial\org\yaml\snakeyaml\1.23\snakeyaml-1.23-android.jar;D:\repository1\financial\com\github\mifmif\generex\1.0.2\generex-1.0.2.jar;D:\repository1\financial\dk\brics\automaton\automaton\1.11-8\automaton-1.11-8.jar;"/>
    <property name="java.vm.vendor" value="Oracle Corporation"/>
    <property name="sun.arch.data.model" value="64"/>
    <property name="user.variant" value=""/>
    <property name="java.vendor.url" value="http://java.oracle.com/"/>
    <property name="user.timezone" value="Asia/Shanghai"/>
    <property name="java.vm.specification.version" value="1.8"/>
    <property name="os.name" value="Windows 10"/>
    <property name="user.country" value="CN"/>
    <property name="sun.java.launcher" value="SUN_STANDARD"/>
    <property name="sun.boot.library.path" value="D:\JDK1.8\jre\bin"/>
    <property name="sun.java.command" value="C:\Users\86139\AppData\Local\Temp\surefire4401856501475564929\surefirebooter2061578819454024230.jar C:\Users\86139\AppData\Local\Temp\surefire4401856501475564929 2020-06-04T16-26-45_792-jvmRun1 surefire6050631227625878691tmp surefire_05760887034485731941tmp"/>
    <property name="surefire.test.class.path" value="D:\workJava\finance\target\test-classes;D:\workJava\finance\target\classes;D:\repository1\financial\org\springframework\boot\spring-boot-starter-undertow\2.1.9.RELEASE\spring-boot-starter-undertow-2.1.9.RELEASE.jar;D:\repository1\financial\io\undertow\undertow-core\2.0.26.Final\undertow-core-2.0.26.Final.jar;D:\repository1\financial\org\jboss\logging\jboss-logging\3.3.3.Final\jboss-logging-3.3.3.Final.jar;D:\repository1\financial\org\jboss\xnio\xnio-api\3.3.8.Final\xnio-api-3.3.8.Final.jar;D:\repository1\financial\org\jboss\xnio\xnio-nio\3.3.8.Final\xnio-nio-3.3.8.Final.jar;D:\repository1\financial\io\undertow\undertow-servlet\2.0.26.Final\undertow-servlet-2.0.26.Final.jar;D:\repository1\financial\org\jboss\spec\javax\annotation\jboss-annotations-api_1.2_spec\1.0.2.Final\jboss-annotations-api_1.2_spec-1.0.2.Final.jar;D:\repository1\financial\io\undertow\undertow-websockets-jsr\2.0.26.Final\undertow-websockets-jsr-2.0.26.Final.jar;D:\repository1\financial\org\jboss\spec\javax\websocket\jboss-websocket-api_1.1_spec\1.1.4.Final\jboss-websocket-api_1.1_spec-1.1.4.Final.jar;D:\repository1\financial\javax\servlet\javax.servlet-api\4.0.1\javax.servlet-api-4.0.1.jar;D:\repository1\financial\org\glassfish\javax.el\3.0.0\javax.el-3.0.0.jar;D:\repository1\financial\org\springframework\boot\spring-boot-starter-web\2.1.9.RELEASE\spring-boot-starter-web-2.1.9.RELEASE.jar;D:\repository1\financial\org\springframework\boot\spring-boot-starter\2.1.9.RELEASE\spring-boot-starter-2.1.9.RELEASE.jar;D:\repository1\financial\org\springframework\boot\spring-boot\2.1.9.RELEASE\spring-boot-2.1.9.RELEASE.jar;D:\repository1\financial\javax\annotation\javax.annotation-api\1.3.2\javax.annotation-api-1.3.2.jar;D:\repository1\financial\org\yaml\snakeyaml\1.23\snakeyaml-1.23.jar;D:\repository1\financial\org\springframework\boot\spring-boot-starter-json\2.1.9.RELEASE\spring-boot-starter-json-2.1.9.RELEASE.jar;D:\repository1\financial\com\fasterxml\jackson\datatype\jackson-datatype-jdk8\2.9.9\jackson-datatype-jdk8-2.9.9.jar;D:\repository1\financial\com\fasterxml\jackson\datatype\jackson-datatype-jsr310\2.9.9\jackson-datatype-jsr310-2.9.9.jar;D:\repository1\financial\com\fasterxml\jackson\module\jackson-module-parameter-names\2.9.9\jackson-module-parameter-names-2.9.9.jar;D:\repository1\financial\org\hibernate\validator\hibernate-validator\6.0.17.Final\hibernate-validator-6.0.17.Final.jar;D:\repository1\financial\javax\validation\validation-api\2.0.1.Final\validation-api-2.0.1.Final.jar;D:\repository1\financial\com\fasterxml\classmate\1.4.0\classmate-1.4.0.jar;D:\repository1\financial\org\springframework\spring-web\5.1.10.RELEASE\spring-web-5.1.10.RELEASE.jar;D:\repository1\financial\org\springframework\spring-beans\5.1.10.RELEASE\spring-beans-5.1.10.RELEASE.jar;D:\repository1\financial\org\springframework\spring-webmvc\5.1.10.RELEASE\spring-webmvc-5.1.10.RELEASE.jar;D:\repository1\financial\org\springframework\spring-context\5.1.10.RELEASE\spring-context-5.1.10.RELEASE.jar;D:\repository1\financial\org\springframework\spring-expression\5.1.10.RELEASE\spring-expression-5.1.10.RELEASE.jar;D:\repository1\financial\org\springframework\boot\spring-boot-starter-logging\2.1.9.RELEASE\spring-boot-starter-logging-2.1.9.RELEASE.jar;D:\repository1\financial\ch\qos\logback\logback-classic\1.2.3\logback-classic-1.2.3.jar;D:\repository1\financial\ch\qos\logback\logback-core\1.2.3\logback-core-1.2.3.jar;D:\repository1\financial\org\apache\logging\log4j\log4j-to-slf4j\2.11.2\log4j-to-slf4j-2.11.2.jar;D:\repository1\financial\org\apache\logging\log4j\log4j-api\2.11.2\log4j-api-2.11.2.jar;D:\repository1\financial\org\slf4j\jul-to-slf4j\1.7.28\jul-to-slf4j-1.7.28.jar;D:\repository1\financial\org\springframework\boot\spring-boot-starter-aop\2.1.9.RELEASE\spring-boot-starter-aop-2.1.9.RELEASE.jar;D:\repository1\financial\org\springframework\spring-aop\5.1.10.RELEASE\spring-aop-5.1.10.RELEASE.jar;D:\repository1\financial\org\aspectj\aspectjweaver\1.9.4\aspectjweaver-1.9.4.jar;D:\repository1\financial\org\springframework\boot\spring-boot-starter-mail\2.1.9.RELEASE\spring-boot-starter-mail-2.1.9.RELEASE.jar;D:\repository1\financial\org\springframework\spring-context-support\5.1.10.RELEASE\spring-context-support-5.1.10.RELEASE.jar;D:\repository1\financial\com\sun\mail\javax.mail\1.6.2\javax.mail-1.6.2.jar;D:\repository1\financial\javax\activation\activation\1.1\activation-1.1.jar;D:\repository1\financial\org\springframework\boot\spring-boot-configuration-processor\2.1.9.RELEASE\spring-boot-configuration-processor-2.1.9.RELEASE.jar;D:\repository1\financial\com\alibaba\cloud\spring-cloud-starter-alibaba-nacos-discovery\2.1.0.RELEASE\spring-cloud-starter-alibaba-nacos-discovery-2.1.0.RELEASE.jar;D:\repository1\financial\com\alibaba\cloud\spring-cloud-alibaba-nacos-discovery\2.1.0.RELEASE\spring-cloud-alibaba-nacos-discovery-2.1.0.RELEASE.jar;D:\repository1\financial\com\alibaba\nacos\nacos-client\1.1.1\nacos-client-1.1.1.jar;D:\repository1\financial\com\alibaba\nacos\nacos-common\1.1.1\nacos-common-1.1.1.jar;D:\repository1\financial\commons-io\commons-io\2.2\commons-io-2.2.jar;D:\repository1\financial\com\alibaba\nacos\nacos-api\1.1.1\nacos-api-1.1.1.jar;D:\repository1\financial\com\google\guava\guava\19.0\guava-19.0.jar;D:\repository1\financial\io\prometheus\simpleclient\0.5.0\simpleclient-0.5.0.jar;D:\repository1\financial\org\springframework\cloud\spring-cloud-commons\2.1.3.RELEASE\spring-cloud-commons-2.1.3.RELEASE.jar;D:\repository1\financial\org\springframework\security\spring-security-crypto\5.1.6.RELEASE\spring-security-crypto-5.1.6.RELEASE.jar;D:\repository1\financial\org\springframework\cloud\spring-cloud-context\2.1.3.RELEASE\spring-cloud-context-2.1.3.RELEASE.jar;D:\repository1\financial\org\springframework\cloud\spring-cloud-starter-netflix-ribbon\2.1.3.RELEASE\spring-cloud-starter-netflix-ribbon-2.1.3.RELEASE.jar;D:\repository1\financial\org\springframework\cloud\spring-cloud-starter\2.1.3.RELEASE\spring-cloud-starter-2.1.3.RELEASE.jar;D:\repository1\financial\org\springframework\security\spring-security-rsa\1.0.7.RELEASE\spring-security-rsa-1.0.7.RELEASE.jar;D:\repository1\financial\org\bouncycastle\bcpkix-jdk15on\1.60\bcpkix-jdk15on-1.60.jar;D:\repository1\financial\org\bouncycastle\bcprov-jdk15on\1.60\bcprov-jdk15on-1.60.jar;D:\repository1\financial\org\springframework\cloud\spring-cloud-netflix-ribbon\2.1.3.RELEASE\spring-cloud-netflix-ribbon-2.1.3.RELEASE.jar;D:\repository1\financial\org\springframework\cloud\spring-cloud-netflix-archaius\2.1.3.RELEASE\spring-cloud-netflix-archaius-2.1.3.RELEASE.jar;D:\repository1\financial\org\springframework\cloud\spring-cloud-starter-netflix-archaius\2.1.3.RELEASE\spring-cloud-starter-netflix-archaius-2.1.3.RELEASE.jar;D:\repository1\financial\com\netflix\archaius\archaius-core\0.7.6\archaius-core-0.7.6.jar;D:\repository1\financial\com\google\code\findbugs\jsr305\3.0.1\jsr305-3.0.1.jar;D:\repository1\financial\commons-configuration\commons-configuration\1.8\commons-configuration-1.8.jar;D:\repository1\financial\com\netflix\ribbon\ribbon\2.3.0\ribbon-2.3.0.jar;D:\repository1\financial\com\netflix\ribbon\ribbon-transport\2.3.0\ribbon-transport-2.3.0.jar;D:\repository1\financial\io\reactivex\rxnetty-contexts\0.4.9\rxnetty-contexts-0.4.9.jar;D:\repository1\financial\io\reactivex\rxnetty-servo\0.4.9\rxnetty-servo-0.4.9.jar;D:\repository1\financial\com\netflix\hystrix\hystrix-core\1.5.18\hystrix-core-1.5.18.jar;D:\repository1\financial\org\hdrhistogram\HdrHistogram\2.1.9\HdrHistogram-2.1.9.jar;D:\repository1\financial\javax\inject\javax.inject\1\javax.inject-1.jar;D:\repository1\financial\io\reactivex\rxnetty\0.4.9\rxnetty-0.4.9.jar;D:\repository1\financial\com\netflix\ribbon\ribbon-core\2.3.0\ribbon-core-2.3.0.jar;D:\repository1\financial\commons-lang\commons-lang\2.6\commons-lang-2.6.jar;D:\repository1\financial\com\netflix\ribbon\ribbon-httpclient\2.3.0\ribbon-httpclient-2.3.0.jar;D:\repository1\financial\commons-collections\commons-collections\3.2.2\commons-collections-3.2.2.jar;D:\repository1\financial\com\sun\jersey\jersey-client\1.19.1\jersey-client-1.19.1.jar;D:\repository1\financial\com\sun\jersey\jersey-core\1.19.1\jersey-core-1.19.1.jar;D:\repository1\financial\javax\ws\rs\jsr311-api\1.1.1\jsr311-api-1.1.1.jar;D:\repository1\financial\com\sun\jersey\contribs\jersey-apache-client4\1.19.1\jersey-apache-client4-1.19.1.jar;D:\repository1\financial\com\netflix\servo\servo-core\0.12.21\servo-core-0.12.21.jar;D:\repository1\financial\com\netflix\netflix-commons\netflix-commons-util\0.3.0\netflix-commons-util-0.3.0.jar;D:\repository1\financial\com\netflix\ribbon\ribbon-loadbalancer\2.3.0\ribbon-loadbalancer-2.3.0.jar;D:\repository1\financial\com\netflix\netflix-commons\netflix-statistics\0.1.1\netflix-statistics-0.1.1.jar;D:\repository1\financial\io\reactivex\rxjava\1.3.8\rxjava-1.3.8.jar;D:\repository1\financial\com\alibaba\cloud\spring-cloud-starter-alibaba-nacos-config\2.1.0.RELEASE\spring-cloud-starter-alibaba-nacos-config-2.1.0.RELEASE.jar;D:\repository1\financial\com\alibaba\cloud\spring-cloud-alibaba-nacos-config\2.1.0.RELEASE\spring-cloud-alibaba-nacos-config-2.1.0.RELEASE.jar;D:\repository1\financial\org\springframework\boot\spring-boot-starter-data-redis\2.1.9.RELEASE\spring-boot-starter-data-redis-2.1.9.RELEASE.jar;D:\repository1\financial\org\springframework\data\spring-data-redis\2.1.11.RELEASE\spring-data-redis-2.1.11.RELEASE.jar;D:\repository1\financial\org\springframework\data\spring-data-keyvalue\2.1.11.RELEASE\spring-data-keyvalue-2.1.11.RELEASE.jar;D:\repository1\financial\org\springframework\data\spring-data-commons\2.1.11.RELEASE\spring-data-commons-2.1.11.RELEASE.jar;D:\repository1\financial\org\springframework\spring-tx\5.1.10.RELEASE\spring-tx-5.1.10.RELEASE.jar;D:\repository1\financial\org\springframework\spring-oxm\5.1.10.RELEASE\spring-oxm-5.1.10.RELEASE.jar;D:\repository1\financial\io\lettuce\lettuce-core\5.1.8.RELEASE\lettuce-core-5.1.8.RELEASE.jar;D:\repository1\financial\io\netty\netty-common\4.1.39.Final\netty-common-4.1.39.Final.jar;D:\repository1\financial\io\netty\netty-handler\4.1.39.Final\netty-handler-4.1.39.Final.jar;D:\repository1\financial\io\netty\netty-buffer\4.1.39.Final\netty-buffer-4.1.39.Final.jar;D:\repository1\financial\io\netty\netty-codec\4.1.39.Final\netty-codec-4.1.39.Final.jar;D:\repository1\financial\io\netty\netty-transport\4.1.39.Final\netty-transport-4.1.39.Final.jar;D:\repository1\financial\io\netty\netty-resolver\4.1.39.Final\netty-resolver-4.1.39.Final.jar;D:\repository1\financial\io\projectreactor\reactor-core\3.2.12.RELEASE\reactor-core-3.2.12.RELEASE.jar;D:\repository1\financial\org\reactivestreams\reactive-streams\1.0.3\reactive-streams-1.0.3.jar;D:\repository1\financial\io\jsonwebtoken\jjwt\0.6.0\jjwt-0.6.0.jar;D:\repository1\financial\com\fasterxml\jackson\core\jackson-databind\2.9.9.3\jackson-databind-2.9.9.3.jar;D:\repository1\financial\com\fasterxml\jackson\core\jackson-annotations\2.9.0\jackson-annotations-2.9.0.jar;D:\repository1\financial\com\fasterxml\jackson\core\jackson-core\2.9.9\jackson-core-2.9.9.jar;D:\repository1\financial\cn\hutool\hutool-crypto\5.0.0\hutool-crypto-5.0.0.jar;D:\repository1\financial\cn\hutool\hutool-core\5.0.0\hutool-core-5.0.0.jar;D:\repository1\financial\org\springframework\boot\spring-boot-starter-test\2.1.9.RELEASE\spring-boot-starter-test-2.1.9.RELEASE.jar;D:\repository1\financial\org\springframework\boot\spring-boot-test\2.1.9.RELEASE\spring-boot-test-2.1.9.RELEASE.jar;D:\repository1\financial\org\springframework\boot\spring-boot-test-autoconfigure\2.1.9.RELEASE\spring-boot-test-autoconfigure-2.1.9.RELEASE.jar;D:\repository1\financial\com\jayway\jsonpath\json-path\2.4.0\json-path-2.4.0.jar;D:\repository1\financial\net\minidev\json-smart\2.3\json-smart-2.3.jar;D:\repository1\financial\net\minidev\accessors-smart\1.2\accessors-smart-1.2.jar;D:\repository1\financial\junit\junit\4.12\junit-4.12.jar;D:\repository1\financial\org\assertj\assertj-core\3.11.1\assertj-core-3.11.1.jar;D:\repository1\financial\org\mockito\mockito-core\2.23.4\mockito-core-2.23.4.jar;D:\repository1\financial\net\bytebuddy\byte-buddy\1.9.16\byte-buddy-1.9.16.jar;D:\repository1\financial\net\bytebuddy\byte-buddy-agent\1.9.16\byte-buddy-agent-1.9.16.jar;D:\repository1\financial\org\objenesis\objenesis\2.6\objenesis-2.6.jar;D:\repository1\financial\org\hamcrest\hamcrest-core\1.3\hamcrest-core-1.3.jar;D:\repository1\financial\org\hamcrest\hamcrest-library\1.3\hamcrest-library-1.3.jar;D:\repository1\financial\org\skyscreamer\jsonassert\1.5.0\jsonassert-1.5.0.jar;D:\repository1\financial\com\vaadin\external\google\android-json\0.0.20131108.vaadin1\android-json-0.0.20131108.vaadin1.jar;D:\repository1\financial\org\springframework\spring-core\5.1.10.RELEASE\spring-core-5.1.10.RELEASE.jar;D:\repository1\financial\org\springframework\spring-jcl\5.1.10.RELEASE\spring-jcl-5.1.10.RELEASE.jar;D:\repository1\financial\org\springframework\spring-test\5.1.10.RELEASE\spring-test-5.1.10.RELEASE.jar;D:\repository1\financial\org\xmlunit\xmlunit-core\2.6.3\xmlunit-core-2.6.3.jar;D:\repository1\financial\org\projectlombok\lombok\1.18.10\lombok-1.18.10.jar;D:\repository1\financial\com\alibaba\druid-spring-boot-starter\1.1.21\druid-spring-boot-starter-1.1.21.jar;D:\repository1\financial\com\alibaba\druid\1.1.21\druid-1.1.21.jar;D:\repository1\financial\org\slf4j\slf4j-api\1.7.28\slf4j-api-1.7.28.jar;D:\repository1\financial\org\springframework\boot\spring-boot-autoconfigure\2.1.9.RELEASE\spring-boot-autoconfigure-2.1.9.RELEASE.jar;D:\repository1\financial\com\baomidou\mybatis-plus-boot-starter\3.2.0\mybatis-plus-boot-starter-3.2.0.jar;D:\repository1\financial\com\baomidou\mybatis-plus\3.2.0\mybatis-plus-3.2.0.jar;D:\repository1\financial\org\springframework\boot\spring-boot-starter-jdbc\2.1.9.RELEASE\spring-boot-starter-jdbc-2.1.9.RELEASE.jar;D:\repository1\financial\com\zaxxer\HikariCP\3.2.0\HikariCP-3.2.0.jar;D:\repository1\financial\org\springframework\spring-jdbc\5.1.10.RELEASE\spring-jdbc-5.1.10.RELEASE.jar;D:\repository1\financial\com\baomidou\mybatis-plus-generator\3.2.0\mybatis-plus-generator-3.2.0.jar;D:\repository1\financial\com\baomidou\mybatis-plus-extension\3.2.0\mybatis-plus-extension-3.2.0.jar;D:\repository1\financial\com\baomidou\mybatis-plus-core\3.2.0\mybatis-plus-core-3.2.0.jar;D:\repository1\financial\com\baomidou\mybatis-plus-annotation\3.2.0\mybatis-plus-annotation-3.2.0.jar;D:\repository1\financial\com\github\jsqlparser\jsqlparser\2.1\jsqlparser-2.1.jar;D:\repository1\financial\org\mybatis\mybatis\3.5.2\mybatis-3.5.2.jar;D:\repository1\financial\org\mybatis\mybatis-spring\2.0.2\mybatis-spring-2.0.2.jar;D:\repository1\financial\mysql\mysql-connector-java\8.0.19\mysql-connector-java-8.0.19.jar;D:\repository1\financial\org\springframework\boot\spring-boot-starter-validation\2.1.9.RELEASE\spring-boot-starter-validation-2.1.9.RELEASE.jar;D:\repository1\financial\org\apache\tomcat\embed\tomcat-embed-el\9.0.26\tomcat-embed-el-9.0.26.jar;D:\repository1\financial\cn\hutool\hutool-all\5.0.6\hutool-all-5.0.6.jar;D:\repository1\financial\com\ibeetl\beetl\3.0.15.RELEASE\beetl-3.0.15.RELEASE.jar;D:\repository1\financial\org\antlr\antlr4-runtime\4.7.2\antlr4-runtime-4.7.2.jar;D:\repository1\financial\org\ow2\asm\asm\5.2\asm-5.2.jar;D:\repository1\financial\org\ow2\asm\asm-commons\5.2\asm-commons-5.2.jar;D:\repository1\financial\org\ow2\asm\asm-tree\5.2\asm-tree-5.2.jar;D:\repository1\financial\com\alibaba\fastjson\1.2.60\fastjson-1.2.60.jar;D:\repository1\financial\com\aliyun\aliyun-java-sdk-core\4.5.0\aliyun-java-sdk-core-4.5.0.jar;D:\repository1\financial\com\google\code\gson\gson\2.8.5\gson-2.8.5.jar;D:\repository1\financial\org\apache\httpcomponents\httpclient\4.5.10\httpclient-4.5.10.jar;D:\repository1\financial\commons-codec\commons-codec\1.11\commons-codec-1.11.jar;D:\repository1\financial\org\apache\httpcomponents\httpcore\4.4.12\httpcore-4.4.12.jar;D:\repository1\financial\commons-logging\commons-logging\1.2\commons-logging-1.2.jar;D:\repository1\financial\javax\xml\bind\jaxb-api\2.3.1\jaxb-api-2.3.1.jar;D:\repository1\financial\javax\activation\javax.activation-api\1.2.0\javax.activation-api-1.2.0.jar;D:\repository1\financial\org\jacoco\org.jacoco.agent\0.8.5\org.jacoco.agent-0.8.5-runtime.jar;D:\repository1\financial\org\ini4j\ini4j\0.5.4\ini4j-0.5.4.jar;D:\repository1\financial\io\opentracing\opentracing-api\0.33.0\opentracing-api-0.33.0.jar;D:\repository1\financial\io\opentracing\opentracing-util\0.33.0\opentracing-util-0.33.0.jar;D:\repository1\financial\io\opentracing\opentracing-noop\0.33.0\opentracing-noop-0.33.0.jar;D:\repository1\financial\cn\snowheart\spring-boot-dingtalk-robot-starter\1.0.2.RELEASE\spring-boot-dingtalk-robot-starter-1.0.2.RELEASE.jar;D:\repository1\financial\com\github\zengxueqi-yu\july-doc\1.1.1-RELEASE\july-doc-1.1.1-RELEASE.jar;D:\repository1\financial\com\thoughtworks\qdox\qdox\2.0.0\qdox-2.0.0.jar;D:\repository1\financial\com\github\javafaker\javafaker\1.0.1\javafaker-1.0.1.jar;D:\repository1\financial\org\apache\commons\commons-lang3\3.8.1\commons-lang3-3.8.1.jar;D:\repository1\financial\org\yaml\snakeyaml\1.23\snakeyaml-1.23-android.jar;D:\repository1\financial\com\github\mifmif\generex\1.0.2\generex-1.0.2.jar;D:\repository1\financial\dk\brics\automaton\automaton\1.11-8\automaton-1.11-8.jar;"/>
    <property name="sun.cpu.endian" value="little"/>
    <property name="user.home" value="C:\Users\86139"/>
    <property name="user.language" value="zh"/>
    <property name="java.specification.vendor" value="Oracle Corporation"/>
    <property name="java.home" value="D:\JDK1.8\jre"/>
    <property name="basedir" value="D:\workJava\finance"/>
    <property name="file.separator" value="\"/>
    <property name="line.separator" value="&#10;"/>
    <property name="idea.version2019.2.3" value="true"/>
    <property name="java.vm.specification.vendor" value="Oracle Corporation"/>
    <property name="java.specification.name" value="Java Platform API Specification"/>
    <property name="java.awt.graphicsenv" value="sun.awt.Win32GraphicsEnvironment"/>
    <property name="surefire.real.class.path" value="C:\Users\86139\AppData\Local\Temp\surefire4401856501475564929\surefirebooter2061578819454024230.jar"/>
    <property name="sun.boot.class.path" value="D:\JDK1.8\jre\lib\resources.jar;D:\JDK1.8\jre\lib\rt.jar;D:\JDK1.8\jre\lib\sunrsasign.jar;D:\JDK1.8\jre\lib\jsse.jar;D:\JDK1.8\jre\lib\jce.jar;D:\JDK1.8\jre\lib\charsets.jar;D:\JDK1.8\jre\lib\jfr.jar;D:\JDK1.8\jre\classes"/>
    <property name="user.script" value=""/>
    <property name="sun.management.compiler" value="HotSpot 64-Bit Tiered Compilers"/>
    <property name="java.runtime.version" value="1.8.0_131-b11"/>
    <property name="user.name" value="86139"/>
    <property name="path.separator" value=";"/>
    <property name="os.version" value="10.0"/>
    <property name="java.endorsed.dirs" value="D:\JDK1.8\jre\lib\endorsed"/>
    <property name="java.runtime.name" value="Java(TM) SE Runtime Environment"/>
    <property name="file.encoding" value="GBK"/>
    <property name="java.vm.name" value="Java HotSpot(TM) 64-Bit Server VM"/>
    <property name="localRepository" value="D:\repository1\financial"/>
    <property name="java.vendor.url.bug" value="http://bugreport.sun.com/bugreport/"/>
    <property name="java.io.tmpdir" value="C:\Users\86139\AppData\Local\Temp\"/>
    <property name="java.version" value="1.8.0_131"/>
    <property name="user.dir" value="D:\workJava\finance"/>
    <property name="os.arch" value="amd64"/>
    <property name="java.vm.specification.name" value="Java Virtual Machine Specification"/>
    <property name="java.awt.printerjob" value="sun.awt.windows.WPrinterJob"/>
    <property name="sun.os.patch.level" value=""/>
    <property name="java.library.path" value="D:\JDK1.8\jre\bin;C:\Windows\Sun\Java\bin;C:\Windows\system32;C:\Windows;C:\ProgramData\Oracle\Java\javapath;C:\Windows\system32;C:\Windows;C:\Windows\System32\Wbem;C:\Windows\System32\WindowsPowerShell\v1.0\;C:\Windows\System32\OpenSSH\;C:\Program Files (x86)\NVIDIA Corporation\PhysX\Common;C:\Program Files\NVIDIA Corporation\NVIDIA NvDLISR;C:\Program Files\Intel\WiFi\bin\;C:\Program Files\Common Files\Intel\WirelessCommon\;C:\Program Files (x86)\Intel\Intel(R) Management Engine Components\DAL;C:\Program Files\Intel\Intel(R) Management Engine Components\DAL;D:\JDK1.8\bin;.;D:\JDK1.8\lib;D:\JDK1.8\lib\tool.jar;D:\tortoiessvn\bin;D:\redis\;D:\nodeJS\;D:\Git\cmd;D:\mysql-8.0.11-winx64\bin;C:\Users\86139\AppData\Local\Microsoft\WindowsApps;C:\Users\86139\AppData\Roaming\npm;D:\WebStorm 2020.1.1\bin;;."/>
    <property name="java.vm.info" value="mixed mode"/>
    <property name="java.vendor" value="Oracle Corporation"/>
    <property name="java.vm.version" value="25.131-b11"/>
    <property name="java.ext.dirs" value="D:\JDK1.8\jre\lib\ext;C:\Windows\Sun\Java\lib\ext"/>
    <property name="sun.io.unicode.encoding" value="UnicodeLittle"/>
    <property name="maven.repo.local" value="D:\repository1\financial"/>
    <property name="java.class.version" value="52.0"/>
  </properties>
  <testcase name="generateDocApi" classname="com.july.company.MarkDownTest" time="2.513"/>
  <testcase name="generateHtmlApi" classname="com.july.company.MarkDownTest" time="1.202"/>
</testsuite>